{
  "RSpec": {
    "coverage": {
      "/home/mapjohns/Development/WebDevSP/tic-tac-toe-rb-online-web-sp-000/lib/tic_tac_toe.rb": [
        1,
        null,
        null,
        1,
        24,
        24,
        24,
        24,
        24,
        null,
        null,
        1,
        23,
        null,
        null,
        1,
        22,
        null,
        null,
        1,
        25,
        null,
        null,
        1,
        23,
        null,
        null,
        null,
        1,
        21,
        21,
        189,
        31,
        null,
        null,
        21,
        21,
        null,
        null,
        1,
        20,
        14,
        null,
        6,
        null,
        null,
        null,
        null,
        1,
        20,
        20,
        20,
        20,
        20,
        1,
        1,
        null,
        19,
        19,
        null,
        null,
        null,
        1,
        59,
        59,
        397,
        397,
        397,
        null,
        397,
        397,
        397,
        null,
        397,
        15,
        15,
        382,
        5,
        5,
        null,
        null,
        39,
        39,
        null,
        null,
        null,
        1,
        26,
        21,
        null,
        5,
        null,
        null,
        null,
        1,
        23,
        4,
        null,
        19,
        null,
        null,
        null,
        1,
        21,
        10,
        null,
        11,
        null,
        null,
        null,
        1,
        22,
        22,
        22,
        null,
        7,
        4,
        3,
        3,
        null,
        null,
        null,
        1,
        12,
        17,
        null,
        12,
        4,
        8,
        1,
        null,
        7,
        null,
        null
      ]
    },
    "timestamp": 1622681114
  }
}
